<?xml version="1.0" encoding="UTF-8"?>
<robot generator="Robot 7.1.1 (Python 3.10.12 on linux)" generated="2024-11-13T13:42:17.916172" rpa="false" schemaversion="5">
<suite id="s1" name="Tests" source="/home/axli/Koodi/Ohtu/webcounter/src/tests">
<suite id="s1-s1" name="Increment" source="/home/axli/Koodi/Ohtu/webcounter/src/tests/increment.robot">
<kw name="Open And Configure Browser" owner="resource" type="SETUP">
<if>
<branch type="IF" condition="$BROWSER == 'chrome'">
<kw name="Evaluate" owner="BuiltIn">
<msg time="2024-11-13T13:42:17.995850" level="INFO">${options} = &lt;selenium.webdriver.chrome.options.Options object at 0x75956ef4d2d0&gt;</msg>
<var>${options}</var>
<arg>sys.modules['selenium.webdriver'].ChromeOptions()</arg>
<arg>sys</arg>
<doc>Evaluates the given expression in Python and returns the result.</doc>
<status status="PASS" start="2024-11-13T13:42:17.995626" elapsed="0.000251"/>
</kw>
<status status="PASS" start="2024-11-13T13:42:17.993815" elapsed="0.002117"/>
</branch>
<branch type="ELSE IF" condition="$BROWSER == 'firefox'">
<kw name="Evaluate" owner="BuiltIn">
<var>${options}</var>
<arg>sys.modules['selenium.webdriver'].FirefoxOptions()</arg>
<arg>sys</arg>
<doc>Evaluates the given expression in Python and returns the result.</doc>
<status status="NOT RUN" start="2024-11-13T13:42:17.996042" elapsed="0.000019"/>
</kw>
<status status="NOT RUN" start="2024-11-13T13:42:17.995962" elapsed="0.000135"/>
</branch>
<status status="PASS" start="2024-11-13T13:42:17.993792" elapsed="0.002324"/>
</if>
<if>
<branch type="IF" condition="$HEADLESS == 'true'">
<kw name="Set Selenium Speed" owner="SeleniumLibrary">
<arg>0</arg>
<doc>Sets the delay that is waited after each Selenium command.</doc>
<status status="NOT RUN" start="2024-11-13T13:42:17.996263" elapsed="0.000017"/>
</kw>
<kw name="Call Method" owner="BuiltIn">
<arg>${options}</arg>
<arg>add_argument</arg>
<arg>--headless</arg>
<doc>Calls the named method of the given object with the provided arguments.</doc>
<status status="NOT RUN" start="2024-11-13T13:42:17.996336" elapsed="0.000014"/>
</kw>
<status status="NOT RUN" start="2024-11-13T13:42:17.996150" elapsed="0.000226"/>
</branch>
<branch type="ELSE">
<kw name="Set Selenium Speed" owner="SeleniumLibrary">
<arg>${DELAY}</arg>
<doc>Sets the delay that is waited after each Selenium command.</doc>
<status status="PASS" start="2024-11-13T13:42:17.996446" elapsed="0.000176"/>
</kw>
<status status="PASS" start="2024-11-13T13:42:17.996394" elapsed="0.000261"/>
</branch>
<status status="PASS" start="2024-11-13T13:42:17.996142" elapsed="0.000533"/>
</if>
<kw name="Open Browser" owner="SeleniumLibrary">
<msg time="2024-11-13T13:42:17.996914" level="INFO">Opening browser 'chrome' to base url 'None'.</msg>
<msg time="2024-11-13T13:42:18.031678" level="WARN">The chromedriver version (130.0.6723.91) detected in PATH at /usr/bin/chromedriver might not be compatible with the detected chrome version (131.0.6778.69); currently, chromedriver 131.0.6778.69 is recommended for chrome 131.*, so it is advised to delete the driver in PATH and retry</msg>
<arg>browser=${BROWSER}</arg>
<arg>options=${options}</arg>
<doc>Opens a new browser instance to the optional ``url``.</doc>
<status status="PASS" start="2024-11-13T13:42:17.996740" elapsed="0.383568"/>
</kw>
<status status="PASS" start="2024-11-13T13:42:17.993606" elapsed="0.386824"/>
</kw>
<test id="s1-s1-t1" name="At start the counter is zero" line="7">
<kw name="Go To" owner="SeleniumLibrary">
<msg time="2024-11-13T13:42:18.381049" level="INFO">Opening url 'http://localhost:5001'</msg>
<arg>${HOME_URL}</arg>
<doc>Navigates the current browser window to the provided ``url``.</doc>
<status status="PASS" start="2024-11-13T13:42:18.380882" elapsed="0.627404"/>
</kw>
<kw name="Title Should Be" owner="SeleniumLibrary">
<msg time="2024-11-13T13:42:19.522411" level="INFO">Page title is 'Laskuri'.</msg>
<arg>Laskuri</arg>
<doc>Verifies that the current page title equals ``title``.</doc>
<status status="PASS" start="2024-11-13T13:42:19.009709" elapsed="0.513122"/>
</kw>
<kw name="Page Should Contain" owner="SeleniumLibrary">
<msg time="2024-11-13T13:42:20.558878" level="INFO">Current page contains text 'nappia painettu 0 kertaa'.</msg>
<arg>nappia painettu 0 kertaa</arg>
<doc>Verifies that current page contains ``text``.</doc>
<status status="PASS" start="2024-11-13T13:42:19.523750" elapsed="1.035595"/>
</kw>
<status status="PASS" start="2024-11-13T13:42:18.380525" elapsed="2.179769"/>
</test>
<test id="s1-s1-t2" name="When button pressed twice the counter is two" line="12">
<kw name="Go To" owner="SeleniumLibrary">
<msg time="2024-11-13T13:42:20.562959" level="INFO">Opening url 'http://localhost:5001'</msg>
<arg>${HOME_URL}</arg>
<doc>Navigates the current browser window to the provided ``url``.</doc>
<status status="PASS" start="2024-11-13T13:42:20.562433" elapsed="0.523085"/>
</kw>
<kw name="Click Button" owner="SeleniumLibrary">
<msg time="2024-11-13T13:42:21.086249" level="INFO">Clicking button 'Paina'.</msg>
<arg>Paina</arg>
<doc>Clicks the button identified by ``locator``.</doc>
<status status="PASS" start="2024-11-13T13:42:21.085933" elapsed="1.586820"/>
</kw>
<kw name="Click Button" owner="SeleniumLibrary">
<msg time="2024-11-13T13:42:22.674664" level="INFO">Clicking button 'Paina'.</msg>
<arg>Paina</arg>
<doc>Clicks the button identified by ``locator``.</doc>
<status status="PASS" start="2024-11-13T13:42:22.673889" elapsed="1.606791"/>
</kw>
<kw name="Page Should Contain" owner="SeleniumLibrary">
<msg time="2024-11-13T13:42:25.315896" level="INFO">Current page contains text 'nappia painettu 2 kertaa'.</msg>
<arg>nappia painettu 2 kertaa</arg>
<doc>Verifies that current page contains ``text``.</doc>
<status status="PASS" start="2024-11-13T13:42:24.281920" elapsed="1.034342"/>
</kw>
<status status="PASS" start="2024-11-13T13:42:20.561261" elapsed="4.755586"/>
</test>
<kw name="Close Browser" owner="SeleniumLibrary" type="TEARDOWN">
<doc>Closes the current browser.</doc>
<status status="PASS" start="2024-11-13T13:42:25.318042" elapsed="0.559612"/>
</kw>
<status status="PASS" start="2024-11-13T13:42:17.927206" elapsed="7.950715"/>
</suite>
<suite id="s1-s2" name="Reset" source="/home/axli/Koodi/Ohtu/webcounter/src/tests/reset.robot">
<kw name="Open And Configure Browser" owner="resource" type="SETUP">
<if>
<branch type="IF" condition="$BROWSER == 'chrome'">
<kw name="Evaluate" owner="BuiltIn">
<msg time="2024-11-13T13:42:25.884416" level="INFO">${options} = &lt;selenium.webdriver.chrome.options.Options object at 0x75956edfd390&gt;</msg>
<var>${options}</var>
<arg>sys.modules['selenium.webdriver'].ChromeOptions()</arg>
<arg>sys</arg>
<doc>Evaluates the given expression in Python and returns the result.</doc>
<status status="PASS" start="2024-11-13T13:42:25.884035" elapsed="0.000428"/>
</kw>
<status status="PASS" start="2024-11-13T13:42:25.883659" elapsed="0.000894"/>
</branch>
<branch type="ELSE IF" condition="$BROWSER == 'firefox'">
<kw name="Evaluate" owner="BuiltIn">
<var>${options}</var>
<arg>sys.modules['selenium.webdriver'].FirefoxOptions()</arg>
<arg>sys</arg>
<doc>Evaluates the given expression in Python and returns the result.</doc>
<status status="NOT RUN" start="2024-11-13T13:42:25.884749" elapsed="0.000036"/>
</kw>
<status status="NOT RUN" start="2024-11-13T13:42:25.884603" elapsed="0.000242"/>
</branch>
<status status="PASS" start="2024-11-13T13:42:25.883623" elapsed="0.001262"/>
</if>
<if>
<branch type="IF" condition="$HEADLESS == 'true'">
<kw name="Set Selenium Speed" owner="SeleniumLibrary">
<arg>0</arg>
<doc>Sets the delay that is waited after each Selenium command.</doc>
<status status="NOT RUN" start="2024-11-13T13:42:25.885182" elapsed="0.000034"/>
</kw>
<kw name="Call Method" owner="BuiltIn">
<arg>${options}</arg>
<arg>add_argument</arg>
<arg>--headless</arg>
<doc>Calls the named method of the given object with the provided arguments.</doc>
<status status="NOT RUN" start="2024-11-13T13:42:25.885331" elapsed="0.000027"/>
</kw>
<status status="NOT RUN" start="2024-11-13T13:42:25.884951" elapsed="0.000455"/>
</branch>
<branch type="ELSE">
<kw name="Set Selenium Speed" owner="SeleniumLibrary">
<arg>${DELAY}</arg>
<doc>Sets the delay that is waited after each Selenium command.</doc>
<status status="PASS" start="2024-11-13T13:42:25.885537" elapsed="0.000329"/>
</kw>
<status status="PASS" start="2024-11-13T13:42:25.885442" elapsed="0.000494"/>
</branch>
<status status="PASS" start="2024-11-13T13:42:25.884932" elapsed="0.001038"/>
</if>
<kw name="Open Browser" owner="SeleniumLibrary">
<msg time="2024-11-13T13:42:25.886360" level="INFO">Opening browser 'chrome' to base url 'None'.</msg>
<msg time="2024-11-13T13:42:25.936663" level="WARN">The chromedriver version (130.0.6723.91) detected in PATH at /usr/bin/chromedriver might not be compatible with the detected chrome version (131.0.6778.69); currently, chromedriver 131.0.6778.69 is recommended for chrome 131.*, so it is advised to delete the driver in PATH and retry</msg>
<arg>browser=${BROWSER}</arg>
<arg>options=${options}</arg>
<doc>Opens a new browser instance to the optional ``url``.</doc>
<status status="PASS" start="2024-11-13T13:42:25.886096" elapsed="0.392265"/>
</kw>
<status status="PASS" start="2024-11-13T13:42:25.883361" elapsed="0.395132"/>
</kw>
<test id="s1-s2-t1" name="When counter has a nonzero value and it is reset the value becomes zero" line="7">
<kw name="Go To" owner="SeleniumLibrary">
<msg time="2024-11-13T13:42:26.279137" level="INFO">Opening url 'http://localhost:5001'</msg>
<arg>${HOME_URL}</arg>
<doc>Navigates the current browser window to the provided ``url``.</doc>
<status status="PASS" start="2024-11-13T13:42:26.278957" elapsed="0.621374"/>
</kw>
<kw name="Click Button" owner="SeleniumLibrary">
<msg time="2024-11-13T13:42:26.902301" level="INFO">Clicking button 'Nollaa'.</msg>
<arg>Nollaa</arg>
<doc>Clicks the button identified by ``locator``.</doc>
<status status="PASS" start="2024-11-13T13:42:26.901438" elapsed="1.596476"/>
</kw>
<kw name="Page Should Contain" owner="SeleniumLibrary">
<msg time="2024-11-13T13:42:29.531174" level="INFO">Current page contains text 'nappia painettu 0 kertaa'.</msg>
<arg>nappia painettu 0 kertaa</arg>
<doc>Verifies that current page contains ``text``.</doc>
<status status="PASS" start="2024-11-13T13:42:28.499409" elapsed="1.031935"/>
</kw>
<status status="PASS" start="2024-11-13T13:42:26.278582" elapsed="3.253036"/>
</test>
<kw name="Close Browser" owner="SeleniumLibrary" type="TEARDOWN">
<doc>Closes the current browser.</doc>
<status status="PASS" start="2024-11-13T13:42:29.532054" elapsed="0.560668"/>
</kw>
<status status="PASS" start="2024-11-13T13:42:25.879273" elapsed="4.213751"/>
</suite>
<status status="PASS" start="2024-11-13T13:42:17.916717" elapsed="12.178306"/>
</suite>
<statistics>
<total>
<stat pass="3" fail="0" skip="0">All Tests</stat>
</total>
<tag>
</tag>
<suite>
<stat pass="3" fail="0" skip="0" id="s1" name="Tests">Tests</stat>
<stat pass="2" fail="0" skip="0" id="s1-s1" name="Increment">Tests.Increment</stat>
<stat pass="1" fail="0" skip="0" id="s1-s2" name="Reset">Tests.Reset</stat>
</suite>
</statistics>
<errors>
<msg time="2024-11-13T13:42:18.031678" level="WARN">The chromedriver version (130.0.6723.91) detected in PATH at /usr/bin/chromedriver might not be compatible with the detected chrome version (131.0.6778.69); currently, chromedriver 131.0.6778.69 is recommended for chrome 131.*, so it is advised to delete the driver in PATH and retry</msg>
<msg time="2024-11-13T13:42:25.936663" level="WARN">The chromedriver version (130.0.6723.91) detected in PATH at /usr/bin/chromedriver might not be compatible with the detected chrome version (131.0.6778.69); currently, chromedriver 131.0.6778.69 is recommended for chrome 131.*, so it is advised to delete the driver in PATH and retry</msg>
</errors>
</robot>
